<?xml version="1.0" encoding="UTF-8"?>
<!-- Generated by org.testng.reporters.JUnitReportReporter -->
<testsuite hostname="trinesis-ThinkPad-T460s" failures="0" tests="1" name="Tests.searchTest" time="169.452" errors="0" timestamp="2024-04-11T13:24:35 IST" skipped="0">
  <testcase classname="Tests.searchTest" name="search" time="169.452"/>
</testsuite> <!-- Tests.searchTest -->
