<?xml version="1.0" encoding="UTF-8"?>
<!-- Generated by org.testng.reporters.JUnitReportReporter -->
<testsuite hostname="trinesis-ThinkPad-T460s" failures="0" tests="2" name="Tests.AllTest" time="31.733" errors="0" timestamp="2024-04-11T15:31:50 IST" skipped="0">
  <testcase classname="Tests.AllTest" name="login" time="18.105"/>
  <testcase classname="Tests.AllTest" name="log" time="13.628"/>
</testsuite> <!-- Tests.AllTest -->
