<?xml version="1.0" encoding="UTF-8"?>
<!-- Generated by org.testng.reporters.JUnitReportReporter -->
<testsuite hostname="LAPTOP-92CINO3K" failures="0" tests="1" name="TestNg_Parallel.Amazon_Seuential" time="37.544" errors="0" timestamp="2023-09-01T19:48:19 IST" skipped="0">
  <testcase classname="TestNg_Parallel.Amazon_Seuential" name="amazon" time="37.544"/>
</testsuite> <!-- TestNg_Parallel.Amazon_Seuential -->
