<?xml version="1.0" encoding="UTF-8"?>
<!-- Generated by org.testng.reporters.JUnitReportReporter -->
<testsuite hostname="LAPTOP-92CINO3K" failures="0" tests="1" name="TestNg_Sequential.Amazon_Seuential" time="271.702" errors="0" timestamp="2023-08-31T20:57:23 IST" skipped="0">
  <testcase classname="TestNg_Sequential.Amazon_Seuential" name="amazon" time="271.702"/>
</testsuite> <!-- TestNg_Sequential.Amazon_Seuential -->
