<?xml version="1.0" encoding="UTF-8"?>
<!-- Generated by org.testng.reporters.JUnitReportReporter -->
<testsuite hostname="LAPTOP-92CINO3K" failures="0" tests="1" name="TestNg_Sequential.Facebook_Sequential" time="167.360" errors="0" timestamp="2023-08-31T21:04:18 IST" skipped="0">
  <testcase classname="TestNg_Sequential.Facebook_Sequential" name="fb" time="167.360"/>
</testsuite> <!-- TestNg_Sequential.Facebook_Sequential -->
