<?xml version="1.0" encoding="UTF-8"?>
<!-- Generated by org.testng.reporters.JUnitReportReporter -->
<testsuite hostname="LAPTOP-92CINO3K" failures="0" tests="1" name="TestNg_Annotations.Annotations_general" time="0.008" errors="0" timestamp="2023-09-05T19:41:32 IST" skipped="0">
  <testcase classname="TestNg_Annotations.Annotations_general" name="mainMethod" time="0.008"/>
</testsuite> <!-- TestNg_Annotations.Annotations_general -->
