<?xml version="1.0" encoding="UTF-8"?>
<!-- Generated by org.testng.reporters.JUnitReportReporter -->
<testsuite hostname="LAPTOP-92CINO3K" failures="0" tests="1" name="TestNg_Parallel.Facebook_Sequential" time="82.472" errors="0" timestamp="2023-09-01T19:48:19 IST" skipped="0">
  <testcase classname="TestNg_Parallel.Facebook_Sequential" name="fb" time="82.472"/>
</testsuite> <!-- TestNg_Parallel.Facebook_Sequential -->
