<?xml version="1.0" encoding="UTF-8"?>
<!-- Generated by org.testng.reporters.JUnitReportReporter -->
<testsuite hostname="LAPTOP-92CINO3K" failures="0" tests="2" name="TestNg_Annotations.Annotations" time="58.545" errors="0" timestamp="2023-09-01T20:28:03 IST" skipped="0">
  <testcase classname="TestNg_Annotations.Annotations" name="amazon" time="34.177"/>
  <testcase classname="TestNg_Annotations.Annotations" name="fb" time="24.368"/>
</testsuite> <!-- TestNg_Annotations.Annotations -->
