<?xml version="1.0" encoding="UTF-8"?>
<!-- Generated by org.testng.reporters.JUnitReportReporter -->
<testsuite hostname="trinesis-ThinkPad-T460s" failures="0" tests="1" name="TestRunner.Run" time="13.091" errors="0" timestamp="2024-06-07T18:21:42 IST" skipped="0">
  <testcase classname="TestRunner.Run" name="runScenario" time="13.091"/>
</testsuite> <!-- TestRunner.Run -->
